<?xml version="1.0" encoding="UTF-8"?>
<!-- Generated by org.testng.reporters.JUnitReportReporter -->
<testsuite hostname="DESKTOP-8G0J9BJ" failures="1" tests="5" name="Spotify.OAuth2.Tests.PlaylistTest" time="27.225" errors="0" timestamp="2023-04-21T16:59:54 AWST" skipped="0">
  <testcase classname="Spotify.OAuth2.Tests.PlaylistTest" name="notAbleToCreatePlaylistWithInvalidToken" time="4.273"/>
  <system-out/>
  <testcase classname="Spotify.OAuth2.Tests.PlaylistTest" name="ableToGetPlaylist" time="5.695">
    <failure message="
Expected: &quot;Playlist30hXZT,dK0_m_,_&quot;
     but: was &quot;Playlist0,HK 8__  Qk V &quot;" type="java.lang.AssertionError">
      <![CDATA[java.lang.AssertionError: 
Expected: "Playlist30hXZT,dK0_m_,_"
     but: was "Playlist0,HK 8__  Qk V "
at org.hamcrest.MatcherAssert.assertThat(MatcherAssert.java:20)
at org.hamcrest.MatcherAssert.assertThat(MatcherAssert.java:6)
at Spotify.OAuth2.Tests.PlaylistTest.assertPlaylistEqual(PlaylistTest.java:34)
at Spotify.OAuth2.Tests.PlaylistTest.ableToGetPlaylist(PlaylistTest.java:90)
at java.base/jdk.internal.reflect.NativeMethodAccessorImpl.invoke0(Native Method)
at java.base/jdk.internal.reflect.NativeMethodAccessorImpl.invoke(NativeMethodAccessorImpl.java:62)
at java.base/jdk.internal.reflect.DelegatingMethodAccessorImpl.invoke(DelegatingMethodAccessorImpl.java:43)
at java.base/java.lang.reflect.Method.invoke(Method.java:566)
at org.testng.internal.invokers.MethodInvocationHelper.invokeMethod(MethodInvocationHelper.java:139)
at org.testng.internal.invokers.TestInvoker.invokeMethod(TestInvoker.java:677)
at org.testng.internal.invokers.TestInvoker.invokeTestMethod(TestInvoker.java:221)
at org.testng.internal.invokers.MethodRunner.runInSequence(MethodRunner.java:50)
at org.testng.internal.invokers.TestInvoker$MethodInvocationAgent.invoke(TestInvoker.java:969)
at org.testng.internal.invokers.TestInvoker.invokeTestMethods(TestInvoker.java:194)
at org.testng.internal.invokers.TestMethodWorker.invokeTestMethods(TestMethodWorker.java:148)
at org.testng.internal.invokers.TestMethodWorker.run(TestMethodWorker.java:128)
at java.base/java.util.concurrent.ThreadPoolExecutor.runWorker(ThreadPoolExecutor.java:1128)
at java.base/java.util.concurrent.ThreadPoolExecutor$Worker.run(ThreadPoolExecutor.java:628)
at java.base/java.lang.Thread.run(Thread.java:834)
]]>
    </failure>
  </testcase> <!-- ableToGetPlaylist -->
  <system-out/>
  <testcase classname="Spotify.OAuth2.Tests.PlaylistTest" name="ableToUpdatePlaylist" time="5.761"/>
  <system-out/>
  <testcase classname="Spotify.OAuth2.Tests.PlaylistTest" name="ableToCreatePlaylist" time="5.822"/>
  <system-out/>
  <testcase classname="Spotify.OAuth2.Tests.PlaylistTest" name="notAbleToCreatePlaylist" time="5.674"/>
  <system-out/>
</testsuite> <!-- Spotify.OAuth2.Tests.PlaylistTest -->
